Determining if the pthread_create exist failed with the following output:
Change Dir: /home/yuyilei/Desktop/Parallels_Shared_Folders/Home/code/DataBaseLab/sqlite-fall2017/build/CMakeFiles/CMakeTmp

Run Build Command:/usr/bin/make "cmTryCompileExec3540655903/fast"
/usr/bin/make -f CMakeFiles/cmTryCompileExec3540655903.dir/build.make CMakeFiles/cmTryCompileExec3540655903.dir/build
make[1]: Entering directory `/media/psf/Home/code/DataBaseLab/sqlite-fall2017/build/CMakeFiles/CMakeTmp'
/usr/bin/cmake -E cmake_progress_report /home/yuyilei/Desktop/Parallels_Shared_Folders/Home/code/DataBaseLab/sqlite-fall2017/build/CMakeFiles/CMakeTmp/CMakeFiles 1
Building C object CMakeFiles/cmTryCompileExec3540655903.dir/CheckSymbolExists.c.o
/usr/bin/cc    -o CMakeFiles/cmTryCompileExec3540655903.dir/CheckSymbolExists.c.o   -c /home/yuyilei/Desktop/Parallels_Shared_Folders/Home/code/DataBaseLab/sqlite-fall2017/build/CMakeFiles/CMakeTmp/CheckSymbolExists.c
Linking C executable cmTryCompileExec3540655903
/usr/bin/cmake -E cmake_link_script CMakeFiles/cmTryCompileExec3540655903.dir/link.txt --verbose=1
/usr/bin/cc       CMakeFiles/cmTryCompileExec3540655903.dir/CheckSymbolExists.c.o  -o cmTryCompileExec3540655903 -rdynamic 
CMakeFiles/cmTryCompileExec3540655903.dir/CheckSymbolExists.c.o: In function `main':
CheckSymbolExists.c:(.text+0xa): undefined reference to `pthread_create'
collect2: error: ld returned 1 exit status
make[1]: *** [cmTryCompileExec3540655903] Error 1
make[1]: Leaving directory `/media/psf/Home/code/DataBaseLab/sqlite-fall2017/build/CMakeFiles/CMakeTmp'
make: *** [cmTryCompileExec3540655903/fast] Error 2

File /home/yuyilei/Desktop/Parallels_Shared_Folders/Home/code/DataBaseLab/sqlite-fall2017/build/CMakeFiles/CMakeTmp/CheckSymbolExists.c:
/* */
#include <pthread.h>

int main(int argc, char** argv)
{
  (void)argv;
#ifndef pthread_create
  return ((int*)(&pthread_create))[argc];
#else
  (void)argc;
  return 0;
#endif
}

Determining if the function pthread_create exists in the pthreads failed with the following output:
Change Dir: /home/yuyilei/Desktop/Parallels_Shared_Folders/Home/code/DataBaseLab/sqlite-fall2017/build/CMakeFiles/CMakeTmp

Run Build Command:/usr/bin/make "cmTryCompileExec2892406855/fast"
/usr/bin/make -f CMakeFiles/cmTryCompileExec2892406855.dir/build.make CMakeFiles/cmTryCompileExec2892406855.dir/build
make[1]: Entering directory `/media/psf/Home/code/DataBaseLab/sqlite-fall2017/build/CMakeFiles/CMakeTmp'
/usr/bin/cmake -E cmake_progress_report /home/yuyilei/Desktop/Parallels_Shared_Folders/Home/code/DataBaseLab/sqlite-fall2017/build/CMakeFiles/CMakeTmp/CMakeFiles 1
Building C object CMakeFiles/cmTryCompileExec2892406855.dir/CheckFunctionExists.c.o
/usr/bin/cc   -DCHECK_FUNCTION_EXISTS=pthread_create   -o CMakeFiles/cmTryCompileExec2892406855.dir/CheckFunctionExists.c.o   -c /usr/share/cmake-2.8/Modules/CheckFunctionExists.c
Linking C executable cmTryCompileExec2892406855
/usr/bin/cmake -E cmake_link_script CMakeFiles/cmTryCompileExec2892406855.dir/link.txt --verbose=1
/usr/bin/cc   -DCHECK_FUNCTION_EXISTS=pthread_create    CMakeFiles/cmTryCompileExec2892406855.dir/CheckFunctionExists.c.o  -o cmTryCompileExec2892406855 -rdynamic -lpthreads 
/usr/bin/ld: cannot find -lpthreads
collect2: error: ld returned 1 exit status
make[1]: Leaving directory `/media/psf/Home/code/DataBaseLab/sqlite-fall2017/build/CMakeFiles/CMakeTmp'
make[1]: *** [cmTryCompileExec2892406855] Error 1
make: *** [cmTryCompileExec2892406855/fast] Error 2


